<?xml version="1.0" encoding="UTF-8"?>
<!-- Generated by org.testng.reporters.JUnitReportReporter -->
<testsuite name="Test.studentsAPI" tests="1" time="0.558" ignored="0" failures="0" timestamp="23 Jul 2019 08:49:00 GMT" skipped="0" hostname="Sport" errors="0">
  <testcase name="test01_verifyStudentCreated" time="0.558" classname="Test.studentsAPI"/>
</testsuite> <!-- Test.studentsAPI -->
