<?xml version="1.0" encoding="UTF-8"?>
<!-- Generated by org.testng.reporters.JUnitReportReporter -->
<testsuite name="Test.studentsAPI_01" tests="1" time="0.589" ignored="0" failures="0" timestamp="23 Jul 2019 09:29:54 GMT" skipped="0" hostname="Sport" errors="0">
  <testcase name="test01_verifyStudentCreated" time="0.589" classname="Test.studentsAPI_01"/>
</testsuite> <!-- Test.studentsAPI_01 -->
