<?xml version="1.0" encoding="UTF-8"?>
<!-- Generated by org.testng.reporters.JUnitReportReporter -->
<testsuite name="Test.IMBD_01" tests="1" time="2.209" ignored="0" failures="0" timestamp="16 Jul 2019 10:52:33 GMT" skipped="0" hostname="Sport" errors="0">
  <testcase name="test01_searchValue" time="2.209" classname="Test.IMBD_01"/>
</testsuite> <!-- Test.IMBD_01 -->
