<?xml version="1.0" encoding="UTF-8"?>
<!-- Generated by org.testng.reporters.JUnitReportReporter -->
<testsuite name="Test.MorgageApp_01" tests="1" time="3.394" ignored="0" failures="0" timestamp="16 Jul 2019 09:36:59 GMT" skipped="0" hostname="Sport" errors="0">
  <testcase name="test01_verifyRepayment" time="3.394" classname="Test.MorgageApp_01"/>
</testsuite> <!-- Test.MorgageApp_01 -->
